<?xml version="1.0" encoding="UTF-8"?>
<testng-results skipped="0" failed="0" ignored="0" total="1" passed="1">
  <reporter-output>
  </reporter-output>
  <suite name="InetbankingV10" duration-ms="20300" started-at="2018-09-23T06:29:00Z" finished-at="2018-09-23T06:29:20Z">
    <groups>
    </groups>
    <test name="Banking App Test1" duration-ms="20300" started-at="2018-09-23T06:29:00Z" finished-at="2018-09-23T06:29:20Z">
      <class name="com.inetbanking.testCases.TC_LoginTest_001">
        <test-method status="PASS" signature="setup(java.lang.String)[pri:0, instance:com.inetbanking.testCases.TC_LoginTest_001@754ba872]" name="setup" is-config="true" duration-ms="18355" started-at="2018-09-23T06:29:00Z" finished-at="2018-09-23T06:29:18Z">
          <params>
            <param index="0">
              <value>
                <![CDATA[chrome]]>
              </value>
            </param>
          </params>
          <reporter-output>
          </reporter-output>
        </test-method> <!-- setup -->
        <test-method status="PASS" signature="loginTest()[pri:0, instance:com.inetbanking.testCases.TC_LoginTest_001@754ba872]" name="loginTest" duration-ms="1008" started-at="2018-09-23T06:29:18Z" finished-at="2018-09-23T06:29:19Z">
          <reporter-output>
          </reporter-output>
        </test-method> <!-- loginTest -->
        <test-method status="PASS" signature="tearDown()[pri:0, instance:com.inetbanking.testCases.TC_LoginTest_001@754ba872]" name="tearDown" is-config="true" duration-ms="773" started-at="2018-09-23T06:29:19Z" finished-at="2018-09-23T06:29:20Z">
          <reporter-output>
          </reporter-output>
        </test-method> <!-- tearDown -->
      </class> <!-- com.inetbanking.testCases.TC_LoginTest_001 -->
    </test> <!-- Banking App Test1 -->
  </suite> <!-- InetbankingV10 -->
</testng-results>
